<?xml version="1.0" encoding="UTF-8"?>
<testsuite xmlns:xsi="http://www.w3.org/2001/XMLSchema-instance" xsi:noNamespaceSchemaLocation="https://maven.apache.org/surefire/maven-surefire-plugin/xsd/surefire-test-report.xsd" version="3.0.2" name="com.example.backend.BackendApplicationTests" time="7.787" tests="1" errors="0" skipped="0" failures="0">
  <properties>
[...]
</properties>
  <testcase name="contextLoads" classname="com.example.backend.BackendApplicationTests" time="0.347">
    <system-out><![CDATA[21:13:44.329 [main] INFO org.springframework.test.context.support.AnnotationConfigContextLoaderUtils -- Could not detect default configuration classes for test class [com.example.backend.BackendApplicationTests]: BackendApplicationTests does not declare any static, non-private, non-final, nested classes annotated with @Configuration.
21:13:44.446 [main] INFO org.springframework.boot.test.context.SpringBootTestContextBootstrapper -- Found @SpringBootConfiguration com.example.backend.BackendApplication for test class com.example.backend.BackendApplicationTests
21:13:44.582 [main] INFO org.springframework.boot.devtools.restart.RestartApplicationListener -- Restart disabled due to context in which it is running

  .   ____          _            __ _ _
 /\\ / ___'_ __ _ _(_)_ __  __ _ \ \ \ \
( ( )\___ | '_ | '_| | '_ \/ _` | \ \ \ \
 \\/  ___)| |_)| | | | | || (_| |  ) ) ) )
  '  |____| .__|_| |_|_| |_\__, | / / / /
 =========|_|==============|___/=/_/_/_/

 :: Spring Boot ::                (v3.5.3)

2025-08-12T21:13:44.844+02:00  INFO 2884 --- [moblix] [           main] c.e.backend.BackendApplicationTests      : Starting BackendApplicationTests using Java 24.0.1 with PID 2884 (started by Matri in C:\MobliX\backend)
2025-08-12T21:13:44.846+02:00  INFO 2884 --- [moblix] [           main] c.e.backend.BackendApplicationTests      : No active profile set, falling back to 1 default profile: "default"
2025-08-12T21:13:45.351+02:00  INFO 2884 --- [moblix] [           main] .s.d.r.c.RepositoryConfigurationDelegate : Bootstrapping Spring Data JPA repositories in DEFAULT mode.
2025-08-12T21:13:45.541+02:00  INFO 2884 --- [moblix] [           main] .s.d.r.c.RepositoryConfigurationDelegate : Finished Spring Data repository scanning in 181 ms. Found 15 JPA repository interfaces.
2025-08-12T21:13:46.215+02:00  INFO 2884 --- [moblix] [           main] o.hibernate.jpa.internal.util.LogHelper  : HHH000204: Processing PersistenceUnitInfo [name: default]
2025-08-12T21:13:46.262+02:00  INFO 2884 --- [moblix] [           main] org.hibernate.Version                    : HHH000412: Hibernate ORM core version 6.6.18.Final
2025-08-12T21:13:46.311+02:00  INFO 2884 --- [moblix] [           main] o.h.c.internal.RegionFactoryInitiator    : HHH000026: Second-level cache disabled
2025-08-12T21:13:46.605+02:00  INFO 2884 --- [moblix] [           main] o.s.o.j.p.SpringPersistenceUnitInfo      : No LoadTimeWeaver setup: ignoring JPA class transformer
2025-08-12T21:13:46.634+02:00  INFO 2884 --- [moblix] [           main] com.zaxxer.hikari.HikariDataSource       : HikariPool-1 - Starting...
2025-08-12T21:13:47.186+02:00  INFO 2884 --- [moblix] [           main] com.zaxxer.hikari.pool.HikariPool        : HikariPool-1 - Added connection org.postgresql.jdbc.PgConnection@492c9892
2025-08-12T21:13:47.187+02:00  INFO 2884 --- [moblix] [           main] com.zaxxer.hikari.HikariDataSource       : HikariPool-1 - Start completed.
2025-08-12T21:13:47.246+02:00  WARN 2884 --- [moblix] [           main] org.hibernate.orm.deprecation            : HHH90000025: PostgreSQLDialect does not need to be specified explicitly using 'hibernate.dialect' (remove the property setting and it will be selected by default)
2025-08-12T21:13:47.341+02:00  INFO 2884 --- [moblix] [           main] org.hibernate.orm.connections.pooling    : HHH10001005: Database info:
	Database JDBC URL [Connecting through datasource 'HikariDataSource (HikariPool-1)']
	Database driver: undefined/unknown
	Database version: 17.5
	Autocommit mode: undefined/unknown
	Isolation level: undefined/unknown
	Minimum pool size: undefined/unknown
	Maximum pool size: undefined/unknown
2025-08-12T21:13:48.350+02:00  INFO 2884 --- [moblix] [           main] o.h.e.t.j.p.i.JtaPlatformInitiator       : HHH000489: No JTA platform available (set 'hibernate.transaction.jta.platform' to enable JTA platform integration)
Hibernate: 
    set client_min_messages = WARNING
Hibernate: 
    alter table if exists logs 
       drop constraint if exists FKgqy8beil5y4almtq1tiyofije
Hibernate: 
    alter table if exists messages 
       drop constraint if exists FKt492th6wsovh1nush5yl5jj8e
Hibernate: 
    alter table if exists messages 
       drop constraint if exists FKt05r0b6n0iis8u7dfna4xdh73
Hibernate: 
    alter table if exists messages 
       drop constraint if exists FK4ui4nnwntodh6wjvck53dbk9m
Hibernate: 
    alter table if exists moderacje 
       drop constraint if exists FKqigrubuif73q39c6hewmq8sg0
Hibernate: 
    alter table if exists moderacje 
       drop constraint if exists FK6m71tldyw2xlhy6fvoicxa6a0
Hibernate: 
    alter table if exists ogloszenia 
       drop constraint if exists FKs5v8c21s0q4052gvchgnxs0pp
Hibernate: 
    alter table if exists ogloszenia 
       drop constraint if exists FKg9hhvs1gd65p73t87bxx79wui
Hibernate: 
    alter table if exists ogloszenia 
       drop constraint if exists FKhhxcjqrxd2shyq36503nu0iao
Hibernate: 
    alter table if exists opinie 
       drop constraint if exists FKs3wfqlauem86i0mm60ur6bs6o
Hibernate: 
    alter table if exists opinie 
       drop constraint if exists FKykjlljs0ntbgyodekyfc91lh
Hibernate: 
    alter table if exists raport_szczegolowy 
       drop constraint if exists FKcb9ixfctehwnd7m6nghx601ln
Hibernate: 
    alter table if exists reporty 
       drop constraint if exists FK2e5u0d0o30qvewanmsgk48nyf
Hibernate: 
    alter table if exists reporty 
       drop constraint if exists FKnvqibsxpqnbuo2a61aw8shbq7
Hibernate: 
    alter table if exists transakcje 
       drop constraint if exists FK1g2thx65jknjkq9o5vudi9kab
Hibernate: 
    alter table if exists transakcje 
       drop constraint if exists FK85t8d328e8sgi92v265nxg2eg
Hibernate: 
    alter table if exists transakcje 
       drop constraint if exists FKofrakmxdv8bc7yv7xb7cl20au
Hibernate: 
    alter table if exists ulubione_ogloszenia 
       drop constraint if exists FK5jqijwe3efv6c4mbn9k5gpfx4
Hibernate: 
    alter table if exists ulubione_ogloszenia 
       drop constraint if exists FKbh2fyloo02umbv4qfvi0parp2
Hibernate: 
    alter table if exists zdjecia 
       drop constraint if exists FKqvuw43ro0fltcdiuc01qol7kh
Hibernate: 
    drop table if exists categories cascade
Hibernate: 
    drop table if exists conversations cascade
Hibernate: 
    drop table if exists logs cascade
Hibernate: 
    drop table if exists lokalizacje cascade
Hibernate: 
    drop table if exists messages cascade
Hibernate: 
    drop table if exists moderacje cascade
Hibernate: 
    drop table if exists ogloszenia cascade
Hibernate: 
    drop table if exists opinie cascade
Hibernate: 
    drop table if exists raport_szczegolowy cascade
Hibernate: 
    drop table if exists regulacje cascade
Hibernate: 
    drop table if exists reporty cascade
Hibernate: 
    drop table if exists transakcje cascade
Hibernate: 
    drop table if exists ulubione_ogloszenia cascade
Hibernate: 
    drop table if exists users cascade
Hibernate: 
    drop table if exists zdjecia cascade
Hibernate: 
    create table categories (
        id bigint generated by default as identity,
        name varchar(255),
        primary key (id)
    )
Hibernate: 
    create table conversations (
        id bigint generated by default as identity,
        topic varchar(255),
        primary key (id)
    )
Hibernate: 
    create table logs (
        timestamp date,
        id bigint generated by default as identity,
        user_id bigint,
        action varchar(255),
        primary key (id)
    )
Hibernate: 
    create table lokalizacje (
        id bigint generated by default as identity,
        city varchar(255),
        region varchar(255),
        primary key (id)
    )
Hibernate: 
    create table messages (
        conversation_id bigint,
        id bigint generated by default as identity,
        receiver_id bigint,
        sender_id bigint,
        timestamp timestamp(6),
        content varchar(255),
        primary key (id)
    )
Hibernate: 
    create table moderacje (
        advertisement_id bigint,
        id bigint generated by default as identity,
        moderator_id bigint,
        timestamp timestamp(6),
        action varchar(255),
        reason varchar(255),
        primary key (id)
    )
Hibernate: 
    create table ogloszenia (
        price float(53),
        category_id bigint,
        id bigint generated by default as identity,
        location_id bigint,
        user_id bigint,
        description varchar(255),
        product_description varchar(255),
        title varchar(255),
        primary key (id)
    )
Hibernate: 
    create table opinie (
        rating integer not null,
        id bigint generated by default as identity,
        reviewed_user_id bigint,
        user_id bigint,
        comment varchar(255),
        primary key (id)
    )
Hibernate: 
    create table raport_szczegolowy (
        created_at timestamp(6),
        created_by_id bigint,
        id bigint generated by default as identity,
        description varchar(255),
        type varchar(255),
        primary key (id)
    )
Hibernate: 
    create table regulacje (
        created_at timestamp(6),
        id bigint generated by default as identity,
        content varchar(255),
        primary key (id)
    )
Hibernate: 
    create table reporty (
        advertisement_id bigint,
        created_at timestamp(6),
        id bigint generated by default as identity,
        reporter_id bigint,
        reason varchar(255),
        primary key (id)
    )
Hibernate: 
    create table transakcje (
        amount float(53),
        advertisement_id bigint,
        buyer_id bigint,
        date timestamp(6),
        id bigint generated by default as identity,
        seller_id bigint,
        primary key (id)
    )
Hibernate: 
    create table ulubione_ogloszenia (
        advertisement_id bigint,
        id bigint generated by default as identity,
        user_id bigint,
        primary key (id)
    )
Hibernate: 
    create table users (
        id bigint generated by default as identity,
        email varchar(255),
        password varchar(255) not null,
        role varchar(255) check (role in ('ADMIN','STAFF','USER')),
        username varchar(255) not null,
        primary key (id)
    )
Hibernate: 
    create table zdjecia (
        advertisement_id bigint,
        id bigint generated by default as identity,
        url varchar(255),
        primary key (id)
    )
Hibernate: 
    alter table if exists logs 
       add constraint FKgqy8beil5y4almtq1tiyofije 
       foreign key (user_id) 
       references users
Hibernate: 
    alter table if exists messages 
       add constraint FKt492th6wsovh1nush5yl5jj8e 
       foreign key (conversation_id) 
       references conversations
Hibernate: 
    alter table if exists messages 
       add constraint FKt05r0b6n0iis8u7dfna4xdh73 
       foreign key (receiver_id) 
       references users
Hibernate: 
    alter table if exists messages 
       add constraint FK4ui4nnwntodh6wjvck53dbk9m 
       foreign key (sender_id) 
       references users
Hibernate: 
    alter table if exists moderacje 
       add constraint FKqigrubuif73q39c6hewmq8sg0 
       foreign key (advertisement_id) 
       references ogloszenia
Hibernate: 
    alter table if exists moderacje 
       add constraint FK6m71tldyw2xlhy6fvoicxa6a0 
       foreign key (moderator_id) 
       references users
Hibernate: 
    alter table if exists ogloszenia 
       add constraint FKs5v8c21s0q4052gvchgnxs0pp 
       foreign key (category_id) 
       references categories
Hibernate: 
    alter table if exists ogloszenia 
       add constraint FKg9hhvs1gd65p73t87bxx79wui 
       foreign key (location_id) 
       references lokalizacje
Hibernate: 
    alter table if exists ogloszenia 
       add constraint FKhhxcjqrxd2shyq36503nu0iao 
       foreign key (user_id) 
       references users
Hibernate: 
    alter table if exists opinie 
       add constraint FKs3wfqlauem86i0mm60ur6bs6o 
       foreign key (reviewed_user_id) 
       references users
Hibernate: 
    alter table if exists opinie 
       add constraint FKykjlljs0ntbgyodekyfc91lh 
       foreign key (user_id) 
       references users
Hibernate: 
    alter table if exists raport_szczegolowy 
       add constraint FKcb9ixfctehwnd7m6nghx601ln 
       foreign key (created_by_id) 
       references users
Hibernate: 
    alter table if exists reporty 
       add constraint FK2e5u0d0o30qvewanmsgk48nyf 
       foreign key (advertisement_id) 
       references ogloszenia
Hibernate: 
    alter table if exists reporty 
       add constraint FKnvqibsxpqnbuo2a61aw8shbq7 
       foreign key (reporter_id) 
       references users
Hibernate: 
    alter table if exists transakcje 
       add constraint FK1g2thx65jknjkq9o5vudi9kab 
       foreign key (advertisement_id) 
       references ogloszenia
Hibernate: 
    alter table if exists transakcje 
       add constraint FK85t8d328e8sgi92v265nxg2eg 
       foreign key (buyer_id) 
       references users
Hibernate: 
    alter table if exists transakcje 
       add constraint FKofrakmxdv8bc7yv7xb7cl20au 
       foreign key (seller_id) 
       references users
Hibernate: 
    alter table if exists ulubione_ogloszenia 
       add constraint FK5jqijwe3efv6c4mbn9k5gpfx4 
       foreign key (advertisement_id) 
       references ogloszenia
Hibernate: 
    alter table if exists ulubione_ogloszenia 
       add constraint FKbh2fyloo02umbv4qfvi0parp2 
       foreign key (user_id) 
       references users
Hibernate: 
    alter table if exists zdjecia 
       add constraint FKqvuw43ro0fltcdiuc01qol7kh 
       foreign key (advertisement_id) 
       references ogloszenia
2025-08-12T21:13:50.434+02:00  INFO 2884 --- [moblix] [           main] j.LocalContainerEntityManagerFactoryBean : Initialized JPA EntityManagerFactory for persistence unit 'default'
2025-08-12T21:13:50.847+02:00  WARN 2884 --- [moblix] [           main] JpaBaseConfiguration$JpaWebConfiguration : spring.jpa.open-in-view is enabled by default. Therefore, database queries may be performed during view rendering. Explicitly configure spring.jpa.open-in-view to disable this warning
2025-08-12T21:13:51.091+02:00  INFO 2884 --- [moblix] [           main] r$InitializeUserDetailsManagerConfigurer : Global AuthenticationManager configured with UserDetailsService bean with name customUserDetailsService
2025-08-12T21:13:51.628+02:00  INFO 2884 --- [moblix] [           main] c.e.backend.BackendApplicationTests      : Started BackendApplicationTests in 7.056 seconds (process running for 7.936)
]]></system-out>
    <system-err><![CDATA[Mockito is currently self-attaching to enable the inline-mock-maker. This will no longer work in future releases of the JDK. Please add Mockito as an agent to your build as described in Mockito's documentation: https://javadoc.io/doc/org.mockito/mockito-core/latest/org.mockito/org/mockito/Mockito.html#0.3
WARNING: A Java agent has been loaded dynamically (C:\Users\Matri\.m2\repository\net\bytebuddy\byte-buddy-agent\1.17.6\byte-buddy-agent-1.17.6.jar)
WARNING: If a serviceability tool is in use, please run with -XX:+EnableDynamicAgentLoading to hide this warning
WARNING: If a serviceability tool is not in use, please run with -Djdk.instrument.traceUsage for more information
WARNING: Dynamic loading of agents will be disallowed by default in a future release
]]></system-err>
  </testcase>
</testsuite>